TN:
SF:lambdas\getProductsById.js
FN:3,handler
FNF:1
FNH:1
FNDA:3,handler
DA:1,1
DA:2,1
DA:3,1
DA:4,3
DA:5,3
DA:6,10
DA:7,10
DA:8,3
DA:9,3
DA:10,3
DA:11,3
DA:12,3
DA:13,3
DA:14,3
DA:15,3
DA:16,3
DA:17,1
DA:18,1
DA:19,1
DA:20,3
DA:21,2
DA:22,2
DA:23,3
DA:24,3
LF:24
LH:24
BRDA:3,0,0,3
BRDA:4,1,0,0
BRDA:16,2,0,1
BRDA:20,3,0,2
BRDA:5,4,0,10
BRF:5
BRH:4
end_of_record
TN:
SF:lambdas\getProductsList.js
FN:3,handler
FNF:1
FNH:1
FNDA:2,handler
DA:1,1
DA:2,1
DA:3,1
DA:4,2
DA:5,2
DA:6,2
DA:7,2
DA:8,2
DA:9,2
DA:10,2
DA:11,2
DA:12,2
DA:13,2
LF:13
LH:13
BRDA:3,0,0,2
BRF:1
BRH:1
end_of_record
